2025-10-20 12:47:53 [main] INFO  o.s.t.c.s.AnnotationConfigContextLoaderUtils - Could not detect default configuration classes for test class [com.microservices.demo.twitter.to.kagka.service.TwitterToKafkaServiceApplicationTests]: TwitterToKafkaServiceApplicationTests does not declare any static, non-private, non-final, nested classes annotated with @Configuration.
2025-10-20 13:05:23 [main] INFO  c.m.d.t.t.k.s.TwitterToKafkaServiceApplicationTests - Starting TwitterToKafkaServiceApplicationTests using Java 17.0.10 with PID 14724 (started by camec in C:\Users\camec\OneDrive\Documentos\Microservices\microservices-demo\twitter-to-kafka-service)
2025-10-20 13:05:23 [main] INFO  c.m.d.t.t.k.s.TwitterToKafkaServiceApplicationTests - No active profile set, falling back to 1 default profile: "default"
2025-10-20 13:05:24 [main] INFO  c.m.d.t.t.k.s.TwitterToKafkaServiceApplicationTests - Started TwitterToKafkaServiceApplicationTests in 1.831 seconds (process running for 4.061)
2025-10-20 13:05:24 [main] INFO  c.m.d.t.t.k.s.TwitterToKafkaServiceApplication - TwitterToKafkaServiceApplication started with keywords: [Java, Microservices, Kafka, Spring Boot, Elasticsearch, AWS]
2025-10-20 13:08:14 [main] INFO  c.m.d.t.t.k.s.TwitterToKafkaServiceApplicationTests - Starting TwitterToKafkaServiceApplicationTests using Java 17.0.10 with PID 14884 (started by camec in C:\Users\camec\OneDrive\Documentos\Microservices\microservices-demo\twitter-to-kafka-service)
2025-10-20 13:08:14 [main] INFO  c.m.d.t.t.k.s.TwitterToKafkaServiceApplicationTests - No active profile set, falling back to 1 default profile: "default"
2025-10-20 13:08:16 [main] INFO  c.m.d.t.t.k.s.TwitterToKafkaServiceApplicationTests - Started TwitterToKafkaServiceApplicationTests in 2.603 seconds (process running for 4.918)
2025-10-20 13:08:16 [main] INFO  c.m.d.t.t.k.s.TwitterToKafkaServiceApplication - TwitterToKafkaServiceApplication started with keywords: [Java, Microservices, Kafka, Spring Boot, Elasticsearch, AWS]
2025-10-20 17:23:52 [main] INFO  c.m.d.t.t.k.s.TwitterToKafkaServiceApplicationTests - Starting TwitterToKafkaServiceApplicationTests using Java 17.0.10 with PID 15520 (started by camec in C:\Users\camec\OneDrive\Documentos\Microservices\microservices-demo\twitter-to-kafka-service)
2025-10-20 17:23:52 [main] INFO  c.m.d.t.t.k.s.TwitterToKafkaServiceApplicationTests - No active profile set, falling back to 1 default profile: "default"
2025-10-20 17:23:53 [main] INFO  c.m.d.t.t.k.s.TwitterToKafkaServiceApplicationTests - Started TwitterToKafkaServiceApplicationTests in 1.921 seconds (process running for 4.221)
2025-10-20 17:23:53 [main] INFO  c.m.d.t.t.k.s.TwitterToKafkaServiceApplication - TwitterToKafkaServiceApplication started with keywords: [Java, Microservices, Kafka, Spring Boot, Elasticsearch, AWS]
2025-10-20 17:23:53 [main] INFO  c.m.d.t.t.k.s.TwitterToKafkaServiceApplication - Welcome to the Twitter to Kafka Service
2025-10-20 17:30:35 [main] INFO  c.m.d.t.t.k.s.TwitterToKafkaServiceApplicationTests - Starting TwitterToKafkaServiceApplicationTests using Java 17.0.10 with PID 14564 (started by camec in C:\Users\camec\OneDrive\Documentos\Microservices\microservices-demo\twitter-to-kafka-service)
2025-10-20 17:30:36 [main] INFO  c.m.d.t.t.k.s.TwitterToKafkaServiceApplicationTests - No active profile set, falling back to 1 default profile: "default"
2025-10-20 17:30:37 [main] INFO  c.m.d.t.t.k.s.TwitterToKafkaServiceApplicationTests - Started TwitterToKafkaServiceApplicationTests in 2.049 seconds (process running for 5.007)
2025-10-20 17:30:37 [main] INFO  c.m.d.t.t.k.s.TwitterToKafkaServiceApplication - TwitterToKafkaServiceApplication started with keywords: [Java, Microservices, Kafka, Spring Boot, Elasticsearch, AWS]
2025-10-20 17:30:37 [main] INFO  c.m.d.t.t.k.s.TwitterToKafkaServiceApplication - Welcome to the Twitter to Kafka Service
2025-10-20 17:30:37 [main] INFO  c.m.d.t.t.k.s.l.TwitterKafkaStatusListener - Starting mock filtering twitter streams for keywords
2025-10-20 17:30:37 [pool-3-thread-1] INFO  c.m.d.t.t.k.s.l.TwitterKafkaStatusListener - Received status: Lorem elit amet congue ipsum purus Spring Boot dolor Fusce magna malesuada
